{"C:\\Users\\ASUS\\.gemini\\antigravity\\scratch\\ride-hailing-app\\server\\src\\controllers\\paymentController.js": {"path":"C:\\Users\\ASUS\\.gemini\\antigravity\\scratch\\ride-hailing-app\\server\\src\\controllers\\paymentController.js","statementMap":{"0":{"start":{"line":1,"column":23},"end":{"line":1,"column":60}},"1":{"start":{"line":2,"column":25},"end":{"line":2,"column":62}},"2":{"start":{"line":3,"column":15},"end":{"line":3,"column":39}},"3":{"start":{"line":5,"column":23},"end":{"line":26,"column":2}},"4":{"start":{"line":6,"column":31},"end":{"line":6,"column":39}},"5":{"start":{"line":9,"column":26},"end":{"line":9,"column":74}},"6":{"start":{"line":11,"column":4},"end":{"line":11,"column":72}},"7":{"start":{"line":14,"column":4},"end":{"line":18,"column":5}},"8":{"start":{"line":15,"column":8},"end":{"line":15,"column":92}},"9":{"start":{"line":17,"column":8},"end":{"line":17,"column":72}},"10":{"start":{"line":20,"column":4},"end":{"line":25,"column":7}},"11":{"start":{"line":28,"column":0},"end":{"line":28,"column":36}}},"fnMap":{"0":{"name":"(anonymous_0)","decl":{"start":{"line":5,"column":36},"end":{"line":5,"column":37}},"loc":{"start":{"line":5,"column":56},"end":{"line":26,"column":1}},"line":5}},"branchMap":{},"s":{"0":0,"1":0,"2":0,"3":0,"4":0,"5":0,"6":0,"7":0,"8":0,"9":0,"10":0,"11":0},"f":{"0":0},"b":{}}
,"C:\\Users\\ASUS\\.gemini\\antigravity\\scratch\\ride-hailing-app\\server\\src\\controllers\\rideController.js": {"path":"C:\\Users\\ASUS\\.gemini\\antigravity\\scratch\\ride-hailing-app\\server\\src\\controllers\\rideController.js","statementMap":{"0":{"start":{"line":1,"column":20},"end":{"line":1,"column":54}},"1":{"start":{"line":2,"column":23},"end":{"line":2,"column":60}},"2":{"start":{"line":3,"column":25},"end":{"line":3,"column":62}},"3":{"start":{"line":4,"column":15},"end":{"line":4,"column":39}},"4":{"start":{"line":6,"column":19},"end":{"line":9,"column":2}},"5":{"start":{"line":7,"column":17},"end":{"line":7,"column":55}},"6":{"start":{"line":8,"column":4},"end":{"line":8,"column":19}},"7":{"start":{"line":11,"column":16},"end":{"line":15,"column":2}},"8":{"start":{"line":12,"column":17},"end":{"line":12,"column":61}},"9":{"start":{"line":13,"column":4},"end":{"line":13,"column":72}},"10":{"start":{"line":13,"column":15},"end":{"line":13,"column":72}},"11":{"start":{"line":14,"column":4},"end":{"line":14,"column":19}},"12":{"start":{"line":17,"column":18},"end":{"line":20,"column":2}},"13":{"start":{"line":18,"column":17},"end":{"line":18,"column":59}},"14":{"start":{"line":19,"column":4},"end":{"line":19,"column":19}},"15":{"start":{"line":22,"column":18},"end":{"line":25,"column":2}},"16":{"start":{"line":23,"column":17},"end":{"line":23,"column":59}},"17":{"start":{"line":24,"column":4},"end":{"line":24,"column":19}},"18":{"start":{"line":27,"column":19},"end":{"line":30,"column":2}},"19":{"start":{"line":28,"column":17},"end":{"line":28,"column":60}},"20":{"start":{"line":29,"column":4},"end":{"line":29,"column":19}},"21":{"start":{"line":32,"column":16},"end":{"line":35,"column":2}},"22":{"start":{"line":33,"column":17},"end":{"line":33,"column":57}},"23":{"start":{"line":34,"column":4},"end":{"line":34,"column":19}},"24":{"start":{"line":37,"column":19},"end":{"line":41,"column":2}},"25":{"start":{"line":38,"column":23},"end":{"line":38,"column":31}},"26":{"start":{"line":39,"column":17},"end":{"line":39,"column":68}},"27":{"start":{"line":40,"column":4},"end":{"line":40,"column":19}},"28":{"start":{"line":43,"column":19},"end":{"line":47,"column":2}},"29":{"start":{"line":44,"column":20},"end":{"line":44,"column":66}},"30":{"start":{"line":45,"column":4},"end":{"line":45,"column":78}},"31":{"start":{"line":45,"column":18},"end":{"line":45,"column":78}},"32":{"start":{"line":46,"column":4},"end":{"line":46,"column":22}},"33":{"start":{"line":49,"column":0},"end":{"line":58,"column":2}}},"fnMap":{"0":{"name":"(anonymous_0)","decl":{"start":{"line":6,"column":32},"end":{"line":6,"column":33}},"loc":{"start":{"line":6,"column":52},"end":{"line":9,"column":1}},"line":6},"1":{"name":"(anonymous_1)","decl":{"start":{"line":11,"column":29},"end":{"line":11,"column":30}},"loc":{"start":{"line":11,"column":49},"end":{"line":15,"column":1}},"line":11},"2":{"name":"(anonymous_2)","decl":{"start":{"line":17,"column":31},"end":{"line":17,"column":32}},"loc":{"start":{"line":17,"column":51},"end":{"line":20,"column":1}},"line":17},"3":{"name":"(anonymous_3)","decl":{"start":{"line":22,"column":31},"end":{"line":22,"column":32}},"loc":{"start":{"line":22,"column":51},"end":{"line":25,"column":1}},"line":22},"4":{"name":"(anonymous_4)","decl":{"start":{"line":27,"column":32},"end":{"line":27,"column":33}},"loc":{"start":{"line":27,"column":52},"end":{"line":30,"column":1}},"line":27},"5":{"name":"(anonymous_5)","decl":{"start":{"line":32,"column":29},"end":{"line":32,"column":30}},"loc":{"start":{"line":32,"column":49},"end":{"line":35,"column":1}},"line":32},"6":{"name":"(anonymous_6)","decl":{"start":{"line":37,"column":32},"end":{"line":37,"column":33}},"loc":{"start":{"line":37,"column":52},"end":{"line":41,"column":1}},"line":37},"7":{"name":"(anonymous_7)","decl":{"start":{"line":43,"column":32},"end":{"line":43,"column":33}},"loc":{"start":{"line":43,"column":52},"end":{"line":47,"column":1}},"line":43}},"branchMap":{"0":{"loc":{"start":{"line":13,"column":4},"end":{"line":13,"column":72}},"type":"if","locations":[{"start":{"line":13,"column":4},"end":{"line":13,"column":72}},{"start":{},"end":{}}],"line":13},"1":{"loc":{"start":{"line":45,"column":4},"end":{"line":45,"column":78}},"type":"if","locations":[{"start":{"line":45,"column":4},"end":{"line":45,"column":78}},{"start":{},"end":{}}],"line":45}},"s":{"0":0,"1":0,"2":0,"3":0,"4":0,"5":0,"6":0,"7":0,"8":0,"9":0,"10":0,"11":0,"12":0,"13":0,"14":0,"15":0,"16":0,"17":0,"18":0,"19":0,"20":0,"21":0,"22":0,"23":0,"24":0,"25":0,"26":0,"27":0,"28":0,"29":0,"30":0,"31":0,"32":0,"33":0},"f":{"0":0,"1":0,"2":0,"3":0,"4":0,"5":0,"6":0,"7":0},"b":{"0":[0,0],"1":[0,0]}}
,"C:\\Users\\ASUS\\.gemini\\antigravity\\scratch\\ride-hailing-app\\server\\src\\lib\\logger.js": {"path":"C:\\Users\\ASUS\\.gemini\\antigravity\\scratch\\ride-hailing-app\\server\\src\\lib\\logger.js","statementMap":{"0":{"start":{"line":1,"column":16},"end":{"line":1,"column":34}},"1":{"start":{"line":3,"column":15},"end":{"line":15,"column":2}},"2":{"start":{"line":18,"column":0},"end":{"line":25,"column":1}},"3":{"start":{"line":19,"column":4},"end":{"line":24,"column":8}},"4":{"start":{"line":27,"column":0},"end":{"line":27,"column":24}}},"fnMap":{},"branchMap":{"0":{"loc":{"start":{"line":4,"column":11},"end":{"line":4,"column":42}},"type":"binary-expr","locations":[{"start":{"line":4,"column":11},"end":{"line":4,"column":32}},{"start":{"line":4,"column":36},"end":{"line":4,"column":42}}],"line":4},"1":{"loc":{"start":{"line":18,"column":0},"end":{"line":25,"column":1}},"type":"if","locations":[{"start":{"line":18,"column":0},"end":{"line":25,"column":1}},{"start":{},"end":{}}],"line":18}},"s":{"0":1,"1":1,"2":1,"3":1,"4":1},"f":{},"b":{"0":[1,1],"1":[1,0]},"_coverageSchema":"1a1c01bbd47fc00a2c39e90264f33305004495a9","hash":"3fac78f42c964ac5ae4786a5f7faae37747ae3f9"}
,"C:\\Users\\ASUS\\.gemini\\antigravity\\scratch\\ride-hailing-app\\server\\src\\lib\\redis.js": {"path":"C:\\Users\\ASUS\\.gemini\\antigravity\\scratch\\ride-hailing-app\\server\\src\\lib\\redis.js","statementMap":{"0":{"start":{"line":1,"column":25},"end":{"line":1,"column":41}},"1":{"start":{"line":3,"column":20},"end":{"line":3,"column":34}},"2":{"start":{"line":5,"column":0},"end":{"line":5,"column":73}},"3":{"start":{"line":5,"column":33},"end":{"line":5,"column":71}},"4":{"start":{"line":7,"column":0},"end":{"line":14,"column":5}},"5":{"start":{"line":8,"column":4},"end":{"line":13,"column":5}},"6":{"start":{"line":9,"column":8},"end":{"line":9,"column":36}},"7":{"start":{"line":10,"column":8},"end":{"line":10,"column":42}},"8":{"start":{"line":12,"column":8},"end":{"line":12,"column":56}},"9":{"start":{"line":16,"column":0},"end":{"line":16,"column":29}}},"fnMap":{"0":{"name":"(anonymous_0)","decl":{"start":{"line":5,"column":24},"end":{"line":5,"column":25}},"loc":{"start":{"line":5,"column":33},"end":{"line":5,"column":71}},"line":5},"1":{"name":"(anonymous_1)","decl":{"start":{"line":7,"column":1},"end":{"line":7,"column":2}},"loc":{"start":{"line":7,"column":13},"end":{"line":14,"column":1}},"line":7}},"branchMap":{},"s":{"0":1,"1":1,"2":1,"3":0,"4":1,"5":1,"6":1,"7":0,"8":0,"9":1},"f":{"0":0,"1":1},"b":{},"_coverageSchema":"1a1c01bbd47fc00a2c39e90264f33305004495a9","hash":"69ec4403fd0a7a9c5afe92f117e117e40e2cd1ce"}
,"C:\\Users\\ASUS\\.gemini\\antigravity\\scratch\\ride-hailing-app\\server\\src\\lib\\socket.js": {"path":"C:\\Users\\ASUS\\.gemini\\antigravity\\scratch\\ride-hailing-app\\server\\src\\lib\\socket.js","statementMap":{"0":{"start":{"line":3,"column":0},"end":{"line":20,"column":2}},"1":{"start":{"line":5,"column":27},"end":{"line":5,"column":47}},"2":{"start":{"line":6,"column":8},"end":{"line":11,"column":11}},"3":{"start":{"line":12,"column":8},"end":{"line":12,"column":18}},"4":{"start":{"line":15,"column":8},"end":{"line":17,"column":9}},"5":{"start":{"line":16,"column":12},"end":{"line":16,"column":55}},"6":{"start":{"line":18,"column":8},"end":{"line":18,"column":18}}},"fnMap":{"0":{"name":"(anonymous_0)","decl":{"start":{"line":4,"column":10},"end":{"line":4,"column":11}},"loc":{"start":{"line":4,"column":26},"end":{"line":13,"column":5}},"line":4},"1":{"name":"(anonymous_1)","decl":{"start":{"line":14,"column":11},"end":{"line":14,"column":12}},"loc":{"start":{"line":14,"column":17},"end":{"line":19,"column":5}},"line":14}},"branchMap":{"0":{"loc":{"start":{"line":15,"column":8},"end":{"line":17,"column":9}},"type":"if","locations":[{"start":{"line":15,"column":8},"end":{"line":17,"column":9}},{"start":{},"end":{}}],"line":15}},"s":{"0":0,"1":0,"2":0,"3":0,"4":0,"5":0,"6":0},"f":{"0":0,"1":0},"b":{"0":[0,0]}}
,"C:\\Users\\ASUS\\.gemini\\antigravity\\scratch\\ride-hailing-app\\server\\src\\middleware\\auth.js": {"path":"C:\\Users\\ASUS\\.gemini\\antigravity\\scratch\\ride-hailing-app\\server\\src\\middleware\\auth.js","statementMap":{"0":{"start":{"line":1,"column":12},"end":{"line":1,"column":35}},"1":{"start":{"line":2,"column":15},"end":{"line":2,"column":39}},"2":{"start":{"line":4,"column":19},"end":{"line":4,"column":90}},"3":{"start":{"line":7,"column":4},"end":{"line":7,"column":63}},"4":{"start":{"line":11,"column":4},"end":{"line":15,"column":5}},"5":{"start":{"line":12,"column":8},"end":{"line":12,"column":45}},"6":{"start":{"line":14,"column":8},"end":{"line":14,"column":20}},"7":{"start":{"line":19,"column":23},"end":{"line":19,"column":48}},"8":{"start":{"line":21,"column":4},"end":{"line":24,"column":5}},"9":{"start":{"line":22,"column":8},"end":{"line":22,"column":76}},"10":{"start":{"line":23,"column":8},"end":{"line":23,"column":74}},"11":{"start":{"line":26,"column":18},"end":{"line":28,"column":20}},"12":{"start":{"line":30,"column":20},"end":{"line":30,"column":38}},"13":{"start":{"line":32,"column":4},"end":{"line":35,"column":5}},"14":{"start":{"line":33,"column":8},"end":{"line":33,"column":57}},"15":{"start":{"line":34,"column":8},"end":{"line":34,"column":75}},"16":{"start":{"line":37,"column":4},"end":{"line":37,"column":23}},"17":{"start":{"line":38,"column":4},"end":{"line":38,"column":11}},"18":{"start":{"line":43,"column":23},"end":{"line":43,"column":48}},"19":{"start":{"line":45,"column":4},"end":{"line":54,"column":5}},"20":{"start":{"line":46,"column":22},"end":{"line":48,"column":24}},"21":{"start":{"line":50,"column":24},"end":{"line":50,"column":42}},"22":{"start":{"line":51,"column":8},"end":{"line":53,"column":9}},"23":{"start":{"line":52,"column":12},"end":{"line":52,"column":31}},"24":{"start":{"line":56,"column":4},"end":{"line":56,"column":11}},"25":{"start":{"line":59,"column":0},"end":{"line":64,"column":2}}},"fnMap":{"0":{"name":"generateToken","decl":{"start":{"line":6,"column":9},"end":{"line":6,"column":22}},"loc":{"start":{"line":6,"column":32},"end":{"line":8,"column":1}},"line":6},"1":{"name":"verifyToken","decl":{"start":{"line":10,"column":9},"end":{"line":10,"column":20}},"loc":{"start":{"line":10,"column":28},"end":{"line":16,"column":1}},"line":10},"2":{"name":"authenticate","decl":{"start":{"line":18,"column":9},"end":{"line":18,"column":21}},"loc":{"start":{"line":18,"column":38},"end":{"line":39,"column":1}},"line":18},"3":{"name":"optionalAuth","decl":{"start":{"line":42,"column":9},"end":{"line":42,"column":21}},"loc":{"start":{"line":42,"column":38},"end":{"line":57,"column":1}},"line":42}},"branchMap":{"0":{"loc":{"start":{"line":4,"column":19},"end":{"line":4,"column":90}},"type":"binary-expr","locations":[{"start":{"line":4,"column":19},"end":{"line":4,"column":41}},{"start":{"line":4,"column":45},"end":{"line":4,"column":90}}],"line":4},"1":{"loc":{"start":{"line":21,"column":4},"end":{"line":24,"column":5}},"type":"if","locations":[{"start":{"line":21,"column":4},"end":{"line":24,"column":5}},{"start":{},"end":{}}],"line":21},"2":{"loc":{"start":{"line":26,"column":18},"end":{"line":28,"column":20}},"type":"cond-expr","locations":[{"start":{"line":27,"column":10},"end":{"line":27,"column":33}},{"start":{"line":28,"column":10},"end":{"line":28,"column":20}}],"line":26},"3":{"loc":{"start":{"line":32,"column":4},"end":{"line":35,"column":5}},"type":"if","locations":[{"start":{"line":32,"column":4},"end":{"line":35,"column":5}},{"start":{},"end":{}}],"line":32},"4":{"loc":{"start":{"line":45,"column":4},"end":{"line":54,"column":5}},"type":"if","locations":[{"start":{"line":45,"column":4},"end":{"line":54,"column":5}},{"start":{},"end":{}}],"line":45},"5":{"loc":{"start":{"line":46,"column":22},"end":{"line":48,"column":24}},"type":"cond-expr","locations":[{"start":{"line":47,"column":14},"end":{"line":47,"column":37}},{"start":{"line":48,"column":14},"end":{"line":48,"column":24}}],"line":46},"6":{"loc":{"start":{"line":51,"column":8},"end":{"line":53,"column":9}},"type":"if","locations":[{"start":{"line":51,"column":8},"end":{"line":53,"column":9}},{"start":{},"end":{}}],"line":51}},"s":{"0":0,"1":0,"2":0,"3":0,"4":0,"5":0,"6":0,"7":0,"8":0,"9":0,"10":0,"11":0,"12":0,"13":0,"14":0,"15":0,"16":0,"17":0,"18":0,"19":0,"20":0,"21":0,"22":0,"23":0,"24":0,"25":0},"f":{"0":0,"1":0,"2":0,"3":0},"b":{"0":[0,0],"1":[0,0],"2":[0,0],"3":[0,0],"4":[0,0],"5":[0,0],"6":[0,0]}}
,"C:\\Users\\ASUS\\.gemini\\antigravity\\scratch\\ride-hailing-app\\server\\src\\middleware\\errorHandler.js": {"path":"C:\\Users\\ASUS\\.gemini\\antigravity\\scratch\\ride-hailing-app\\server\\src\\middleware\\errorHandler.js","statementMap":{"0":{"start":{"line":1,"column":15},"end":{"line":1,"column":39}},"1":{"start":{"line":5,"column":8},"end":{"line":5,"column":23}},"2":{"start":{"line":6,"column":8},"end":{"line":6,"column":37}},"3":{"start":{"line":7,"column":8},"end":{"line":7,"column":43}},"4":{"start":{"line":8,"column":8},"end":{"line":8,"column":56}},"5":{"start":{"line":13,"column":16},"end":{"line":13,"column":26}},"6":{"start":{"line":14,"column":4},"end":{"line":14,"column":32}},"7":{"start":{"line":15,"column":4},"end":{"line":15,"column":45}},"8":{"start":{"line":18,"column":4},"end":{"line":26,"column":7}},"9":{"start":{"line":29,"column":4},"end":{"line":32,"column":5}},"10":{"start":{"line":30,"column":8},"end":{"line":30,"column":48}},"11":{"start":{"line":31,"column":8},"end":{"line":31,"column":31}},"12":{"start":{"line":33,"column":4},"end":{"line":36,"column":5}},"13":{"start":{"line":34,"column":8},"end":{"line":34,"column":43}},"14":{"start":{"line":35,"column":8},"end":{"line":35,"column":31}},"15":{"start":{"line":39,"column":4},"end":{"line":41,"column":5}},"16":{"start":{"line":40,"column":8},"end":{"line":40,"column":31}},"17":{"start":{"line":44,"column":4},"end":{"line":47,"column":5}},"18":{"start":{"line":45,"column":8},"end":{"line":45,"column":40}},"19":{"start":{"line":46,"column":8},"end":{"line":46,"column":31}},"20":{"start":{"line":48,"column":4},"end":{"line":51,"column":5}},"21":{"start":{"line":49,"column":8},"end":{"line":49,"column":40}},"22":{"start":{"line":50,"column":8},"end":{"line":50,"column":31}},"23":{"start":{"line":54,"column":4},"end":{"line":57,"column":7}},"24":{"start":{"line":62,"column":4},"end":{"line":64,"column":6}},"25":{"start":{"line":63,"column":8},"end":{"line":63,"column":56}},"26":{"start":{"line":67,"column":0},"end":{"line":71,"column":2}}},"fnMap":{"0":{"name":"(anonymous_0)","decl":{"start":{"line":4,"column":4},"end":{"line":4,"column":5}},"loc":{"start":{"line":4,"column":65},"end":{"line":9,"column":5}},"line":4},"1":{"name":"errorHandler","decl":{"start":{"line":12,"column":9},"end":{"line":12,"column":21}},"loc":{"start":{"line":12,"column":43},"end":{"line":58,"column":1}},"line":12},"2":{"name":"asyncHandler","decl":{"start":{"line":61,"column":9},"end":{"line":61,"column":21}},"loc":{"start":{"line":61,"column":26},"end":{"line":65,"column":1}},"line":61},"3":{"name":"(anonymous_3)","decl":{"start":{"line":62,"column":11},"end":{"line":62,"column":12}},"loc":{"start":{"line":62,"column":31},"end":{"line":64,"column":5}},"line":62}},"branchMap":{"0":{"loc":{"start":{"line":4,"column":25},"end":{"line":4,"column":41}},"type":"default-arg","locations":[{"start":{"line":4,"column":38},"end":{"line":4,"column":41}}],"line":4},"1":{"loc":{"start":{"line":4,"column":43},"end":{"line":4,"column":63}},"type":"default-arg","locations":[{"start":{"line":4,"column":59},"end":{"line":4,"column":63}}],"line":4},"2":{"loc":{"start":{"line":15,"column":23},"end":{"line":15,"column":44}},"type":"binary-expr","locations":[{"start":{"line":15,"column":23},"end":{"line":15,"column":37}},{"start":{"line":15,"column":41},"end":{"line":15,"column":44}}],"line":15},"3":{"loc":{"start":{"line":29,"column":4},"end":{"line":32,"column":5}},"type":"if","locations":[{"start":{"line":29,"column":4},"end":{"line":32,"column":5}},{"start":{},"end":{}}],"line":29},"4":{"loc":{"start":{"line":33,"column":4},"end":{"line":36,"column":5}},"type":"if","locations":[{"start":{"line":33,"column":4},"end":{"line":36,"column":5}},{"start":{},"end":{}}],"line":33},"5":{"loc":{"start":{"line":39,"column":4},"end":{"line":41,"column":5}},"type":"if","locations":[{"start":{"line":39,"column":4},"end":{"line":41,"column":5}},{"start":{},"end":{}}],"line":39},"6":{"loc":{"start":{"line":44,"column":4},"end":{"line":47,"column":5}},"type":"if","locations":[{"start":{"line":44,"column":4},"end":{"line":47,"column":5}},{"start":{},"end":{}}],"line":44},"7":{"loc":{"start":{"line":48,"column":4},"end":{"line":51,"column":5}},"type":"if","locations":[{"start":{"line":48,"column":4},"end":{"line":51,"column":5}},{"start":{},"end":{}}],"line":48},"8":{"loc":{"start":{"line":56,"column":12},"end":{"line":56,"column":74}},"type":"binary-expr","locations":[{"start":{"line":56,"column":12},"end":{"line":56,"column":50}},{"start":{"line":56,"column":54},"end":{"line":56,"column":74}}],"line":56}},"s":{"0":0,"1":0,"2":0,"3":0,"4":0,"5":0,"6":0,"7":0,"8":0,"9":0,"10":0,"11":0,"12":0,"13":0,"14":0,"15":0,"16":0,"17":0,"18":0,"19":0,"20":0,"21":0,"22":0,"23":0,"24":0,"25":0,"26":0},"f":{"0":0,"1":0,"2":0,"3":0},"b":{"0":[0],"1":[0],"2":[0,0],"3":[0,0],"4":[0,0],"5":[0,0],"6":[0,0],"7":[0,0],"8":[0,0]}}
,"C:\\Users\\ASUS\\.gemini\\antigravity\\scratch\\ride-hailing-app\\server\\src\\routes\\v1.js": {"path":"C:\\Users\\ASUS\\.gemini\\antigravity\\scratch\\ride-hailing-app\\server\\src\\routes\\v1.js","statementMap":{"0":{"start":{"line":1,"column":16},"end":{"line":1,"column":34}},"1":{"start":{"line":2,"column":15},"end":{"line":2,"column":31}},"2":{"start":{"line":3,"column":23},"end":{"line":3,"column":63}},"3":{"start":{"line":4,"column":25},"end":{"line":4,"column":67}},"4":{"start":{"line":5,"column":26},"end":{"line":5,"column":69}},"5":{"start":{"line":6,"column":21},"end":{"line":6,"column":56}},"6":{"start":{"line":7,"column":25},"end":{"line":7,"column":54}},"7":{"start":{"line":10,"column":0},"end":{"line":10,"column":25}},"8":{"start":{"line":13,"column":0},"end":{"line":13,"column":73}},"9":{"start":{"line":14,"column":0},"end":{"line":14,"column":49}},"10":{"start":{"line":15,"column":0},"end":{"line":15,"column":58}},"11":{"start":{"line":16,"column":0},"end":{"line":16,"column":58}},"12":{"start":{"line":17,"column":0},"end":{"line":17,"column":60}},"13":{"start":{"line":18,"column":0},"end":{"line":18,"column":54}},"14":{"start":{"line":19,"column":0},"end":{"line":19,"column":60}},"15":{"start":{"line":20,"column":0},"end":{"line":20,"column":60}},"16":{"start":{"line":23,"column":0},"end":{"line":23,"column":98}},"17":{"start":{"line":24,"column":0},"end":{"line":24,"column":88}},"18":{"start":{"line":25,"column":0},"end":{"line":25,"column":62}},"19":{"start":{"line":26,"column":0},"end":{"line":26,"column":64}},"20":{"start":{"line":27,"column":0},"end":{"line":27,"column":55}},"21":{"start":{"line":30,"column":0},"end":{"line":30,"column":87}},"22":{"start":{"line":32,"column":0},"end":{"line":32,"column":24}}},"fnMap":{},"branchMap":{},"s":{"0":0,"1":0,"2":0,"3":0,"4":0,"5":0,"6":0,"7":0,"8":0,"9":0,"10":0,"11":0,"12":0,"13":0,"14":0,"15":0,"16":0,"17":0,"18":0,"19":0,"20":0,"21":0,"22":0},"f":{},"b":{}}
,"C:\\Users\\ASUS\\.gemini\\antigravity\\scratch\\ride-hailing-app\\server\\src\\services\\pricingService.js": {"path":"C:\\Users\\ASUS\\.gemini\\antigravity\\scratch\\ride-hailing-app\\server\\src\\services\\pricingService.js","statementMap":{"0":{"start":{"line":1,"column":20},"end":{"line":1,"column":43}},"1":{"start":{"line":2,"column":15},"end":{"line":2,"column":39}},"2":{"start":{"line":5,"column":21},"end":{"line":24,"column":1}},"3":{"start":{"line":28,"column":4},"end":{"line":76,"column":5}},"4":{"start":{"line":30,"column":32},"end":{"line":30,"column":53}},"5":{"start":{"line":31,"column":36},"end":{"line":31,"column":61}},"6":{"start":{"line":33,"column":27},"end":{"line":33,"column":28}},"7":{"start":{"line":34,"column":31},"end":{"line":34,"column":32}},"8":{"start":{"line":36,"column":8},"end":{"line":42,"column":9}},"9":{"start":{"line":37,"column":12},"end":{"line":37,"column":83}},"10":{"start":{"line":38,"column":12},"end":{"line":38,"column":92}},"11":{"start":{"line":41,"column":12},"end":{"line":41,"column":34}},"12":{"start":{"line":45,"column":34},"end":{"line":47,"column":17}},"13":{"start":{"line":50,"column":26},"end":{"line":50,"column":29}},"14":{"start":{"line":52,"column":8},"end":{"line":58,"column":9}},"15":{"start":{"line":53,"column":12},"end":{"line":53,"column":30}},"16":{"start":{"line":54,"column":15},"end":{"line":58,"column":9}},"17":{"start":{"line":55,"column":12},"end":{"line":55,"column":30}},"18":{"start":{"line":56,"column":15},"end":{"line":58,"column":9}},"19":{"start":{"line":57,"column":12},"end":{"line":57,"column":30}},"20":{"start":{"line":61,"column":23},"end":{"line":61,"column":65}},"21":{"start":{"line":62,"column":8},"end":{"line":62,"column":88}},"22":{"start":{"line":64,"column":8},"end":{"line":70,"column":11}},"23":{"start":{"line":72,"column":8},"end":{"line":72,"column":27}},"24":{"start":{"line":74,"column":8},"end":{"line":74,"column":81}},"25":{"start":{"line":75,"column":8},"end":{"line":75,"column":19}},"26":{"start":{"line":81,"column":19},"end":{"line":81,"column":61}},"27":{"start":{"line":83,"column":21},"end":{"line":83,"column":36}},"28":{"start":{"line":84,"column":25},"end":{"line":84,"column":52}},"29":{"start":{"line":85,"column":22},"end":{"line":85,"column":69}},"30":{"start":{"line":86,"column":22},"end":{"line":86,"column":57}},"31":{"start":{"line":88,"column":4},"end":{"line":94,"column":6}},"32":{"start":{"line":99,"column":4},"end":{"line":99,"column":36}},"33":{"start":{"line":99,"column":29},"end":{"line":99,"column":36}},"34":{"start":{"line":101,"column":4},"end":{"line":114,"column":5}},"35":{"start":{"line":102,"column":20},"end":{"line":102,"column":87}},"36":{"start":{"line":104,"column":8},"end":{"line":111,"column":9}},"37":{"start":{"line":105,"column":12},"end":{"line":105,"column":40}},"38":{"start":{"line":106,"column":15},"end":{"line":111,"column":9}},"39":{"start":{"line":107,"column":28},"end":{"line":107,"column":71}},"40":{"start":{"line":108,"column":12},"end":{"line":110,"column":13}},"41":{"start":{"line":109,"column":16},"end":{"line":109,"column":44}},"42":{"start":{"line":113,"column":8},"end":{"line":113,"column":80}},"43":{"start":{"line":117,"column":0},"end":{"line":122,"column":2}}},"fnMap":{"0":{"name":"calculateSurgeFactor","decl":{"start":{"line":27,"column":15},"end":{"line":27,"column":35}},"loc":{"start":{"line":27,"column":76},"end":{"line":77,"column":1}},"line":27},"1":{"name":"calculateFare","decl":{"start":{"line":80,"column":9},"end":{"line":80,"column":22}},"loc":{"start":{"line":80,"column":70},"end":{"line":95,"column":1}},"line":80},"2":{"name":"updateDemandMetrics","decl":{"start":{"line":98,"column":15},"end":{"line":98,"column":34}},"loc":{"start":{"line":98,"column":49},"end":{"line":115,"column":1}},"line":98}},"branchMap":{"0":{"loc":{"start":{"line":27,"column":58},"end":{"line":27,"column":74}},"type":"default-arg","locations":[{"start":{"line":27,"column":65},"end":{"line":27,"column":74}}],"line":27},"1":{"loc":{"start":{"line":36,"column":8},"end":{"line":42,"column":9}},"type":"if","locations":[{"start":{"line":36,"column":8},"end":{"line":42,"column":9}},{"start":{"line":39,"column":15},"end":{"line":42,"column":9}}],"line":36},"2":{"loc":{"start":{"line":37,"column":36},"end":{"line":37,"column":81}},"type":"binary-expr","locations":[{"start":{"line":37,"column":36},"end":{"line":37,"column":74}},{"start":{"line":37,"column":78},"end":{"line":37,"column":81}}],"line":37},"3":{"loc":{"start":{"line":38,"column":40},"end":{"line":38,"column":90}},"type":"binary-expr","locations":[{"start":{"line":38,"column":40},"end":{"line":38,"column":82}},{"start":{"line":38,"column":86},"end":{"line":38,"column":90}}],"line":38},"4":{"loc":{"start":{"line":45,"column":34},"end":{"line":47,"column":17}},"type":"cond-expr","locations":[{"start":{"line":46,"column":14},"end":{"line":46,"column":45}},{"start":{"line":47,"column":14},"end":{"line":47,"column":17}}],"line":45},"5":{"loc":{"start":{"line":52,"column":8},"end":{"line":58,"column":9}},"type":"if","locations":[{"start":{"line":52,"column":8},"end":{"line":58,"column":9}},{"start":{"line":54,"column":15},"end":{"line":58,"column":9}}],"line":52},"6":{"loc":{"start":{"line":54,"column":15},"end":{"line":58,"column":9}},"type":"if","locations":[{"start":{"line":54,"column":15},"end":{"line":58,"column":9}},{"start":{"line":56,"column":15},"end":{"line":58,"column":9}}],"line":54},"7":{"loc":{"start":{"line":56,"column":15},"end":{"line":58,"column":9}},"type":"if","locations":[{"start":{"line":56,"column":15},"end":{"line":58,"column":9}},{"start":{},"end":{}}],"line":56},"8":{"loc":{"start":{"line":61,"column":23},"end":{"line":61,"column":65}},"type":"binary-expr","locations":[{"start":{"line":61,"column":23},"end":{"line":61,"column":41}},{"start":{"line":61,"column":45},"end":{"line":61,"column":65}}],"line":61},"9":{"loc":{"start":{"line":80,"column":33},"end":{"line":80,"column":49}},"type":"default-arg","locations":[{"start":{"line":80,"column":40},"end":{"line":80,"column":49}}],"line":80},"10":{"loc":{"start":{"line":80,"column":51},"end":{"line":80,"column":68}},"type":"default-arg","locations":[{"start":{"line":80,"column":65},"end":{"line":80,"column":68}}],"line":80},"11":{"loc":{"start":{"line":81,"column":19},"end":{"line":81,"column":61}},"type":"binary-expr","locations":[{"start":{"line":81,"column":19},"end":{"line":81,"column":37}},{"start":{"line":81,"column":41},"end":{"line":81,"column":61}}],"line":81},"12":{"loc":{"start":{"line":99,"column":4},"end":{"line":99,"column":36}},"type":"if","locations":[{"start":{"line":99,"column":4},"end":{"line":99,"column":36}},{"start":{},"end":{}}],"line":99},"13":{"loc":{"start":{"line":102,"column":20},"end":{"line":102,"column":87}},"type":"cond-expr","locations":[{"start":{"line":102,"column":38},"end":{"line":102,"column":59}},{"start":{"line":102,"column":62},"end":{"line":102,"column":87}}],"line":102},"14":{"loc":{"start":{"line":104,"column":8},"end":{"line":111,"column":9}},"type":"if","locations":[{"start":{"line":104,"column":8},"end":{"line":111,"column":9}},{"start":{"line":106,"column":15},"end":{"line":111,"column":9}}],"line":104},"15":{"loc":{"start":{"line":106,"column":15},"end":{"line":111,"column":9}},"type":"if","locations":[{"start":{"line":106,"column":15},"end":{"line":111,"column":9}},{"start":{},"end":{}}],"line":106},"16":{"loc":{"start":{"line":107,"column":37},"end":{"line":107,"column":70}},"type":"binary-expr","locations":[{"start":{"line":107,"column":37},"end":{"line":107,"column":63}},{"start":{"line":107,"column":67},"end":{"line":107,"column":70}}],"line":107},"17":{"loc":{"start":{"line":108,"column":12},"end":{"line":110,"column":13}},"type":"if","locations":[{"start":{"line":108,"column":12},"end":{"line":110,"column":13}},{"start":{},"end":{}}],"line":108}},"s":{"0":1,"1":1,"2":1,"3":0,"4":0,"5":0,"6":0,"7":0,"8":0,"9":0,"10":0,"11":0,"12":0,"13":0,"14":0,"15":0,"16":0,"17":0,"18":0,"19":0,"20":0,"21":0,"22":0,"23":0,"24":0,"25":0,"26":4,"27":4,"28":4,"29":4,"30":4,"31":4,"32":0,"33":0,"34":0,"35":0,"36":0,"37":0,"38":0,"39":0,"40":0,"41":0,"42":0,"43":1},"f":{"0":0,"1":4,"2":0},"b":{"0":[0],"1":[0,0],"2":[0,0],"3":[0,0],"4":[0,0],"5":[0,0],"6":[0,0],"7":[0,0],"8":[0,0],"9":[0],"10":[0],"11":[4,0],"12":[0,0],"13":[0,0],"14":[0,0],"15":[0,0],"16":[0,0],"17":[0,0]},"_coverageSchema":"1a1c01bbd47fc00a2c39e90264f33305004495a9","hash":"7613e973f61e9cf86478b50f93ed9b4c17439b42"}
,"C:\\Users\\ASUS\\.gemini\\antigravity\\scratch\\ride-hailing-app\\server\\src\\services\\receiptService.js": {"path":"C:\\Users\\ASUS\\.gemini\\antigravity\\scratch\\ride-hailing-app\\server\\src\\services\\receiptService.js","statementMap":{"0":{"start":{"line":1,"column":15},"end":{"line":1,"column":39}},"1":{"start":{"line":2,"column":15},"end":{"line":2,"column":39}},"2":{"start":{"line":5,"column":4},"end":{"line":23,"column":5}},"3":{"start":{"line":6,"column":24},"end":{"line":16,"column":10}},"4":{"start":{"line":18,"column":8},"end":{"line":18,"column":76}},"5":{"start":{"line":19,"column":8},"end":{"line":19,"column":23}},"6":{"start":{"line":21,"column":8},"end":{"line":21,"column":83}},"7":{"start":{"line":22,"column":8},"end":{"line":22,"column":20}},"8":{"start":{"line":27,"column":4},"end":{"line":43,"column":5}},"9":{"start":{"line":28,"column":24},"end":{"line":37,"column":10}},"10":{"start":{"line":39,"column":8},"end":{"line":39,"column":23}},"11":{"start":{"line":41,"column":8},"end":{"line":41,"column":81}},"12":{"start":{"line":42,"column":8},"end":{"line":42,"column":20}},"13":{"start":{"line":47,"column":4},"end":{"line":61,"column":5}},"14":{"start":{"line":48,"column":24},"end":{"line":54,"column":10}},"15":{"start":{"line":56,"column":8},"end":{"line":56,"column":74}},"16":{"start":{"line":57,"column":8},"end":{"line":57,"column":23}},"17":{"start":{"line":59,"column":8},"end":{"line":59,"column":81}},"18":{"start":{"line":60,"column":8},"end":{"line":60,"column":20}},"19":{"start":{"line":64,"column":0},"end":{"line":68,"column":2}}},"fnMap":{"0":{"name":"generateReceipt","decl":{"start":{"line":4,"column":15},"end":{"line":4,"column":30}},"loc":{"start":{"line":4,"column":76},"end":{"line":24,"column":1}},"line":4},"1":{"name":"getReceipt","decl":{"start":{"line":26,"column":15},"end":{"line":26,"column":25}},"loc":{"start":{"line":26,"column":34},"end":{"line":44,"column":1}},"line":26},"2":{"name":"updateReceiptPaymentStatus","decl":{"start":{"line":46,"column":15},"end":{"line":46,"column":41}},"loc":{"start":{"line":46,"column":73},"end":{"line":62,"column":1}},"line":46}},"branchMap":{"0":{"loc":{"start":{"line":4,"column":54},"end":{"line":4,"column":74}},"type":"default-arg","locations":[{"start":{"line":4,"column":70},"end":{"line":4,"column":74}}],"line":4},"1":{"loc":{"start":{"line":13,"column":31},"end":{"line":13,"column":70}},"type":"cond-expr","locations":[{"start":{"line":13,"column":47},"end":{"line":13,"column":58}},{"start":{"line":13,"column":61},"end":{"line":13,"column":70}}],"line":13}},"s":{"0":0,"1":0,"2":0,"3":0,"4":0,"5":0,"6":0,"7":0,"8":0,"9":0,"10":0,"11":0,"12":0,"13":0,"14":0,"15":0,"16":0,"17":0,"18":0,"19":0},"f":{"0":0,"1":0,"2":0},"b":{"0":[0],"1":[0,0]}}
,"C:\\Users\\ASUS\\.gemini\\antigravity\\scratch\\ride-hailing-app\\server\\src\\utils\\geo.js": {"path":"C:\\Users\\ASUS\\.gemini\\antigravity\\scratch\\ride-hailing-app\\server\\src\\utils\\geo.js","statementMap":{"0":{"start":{"line":2,"column":4},"end":{"line":2,"column":33}},"1":{"start":{"line":6,"column":12},"end":{"line":6,"column":16}},"2":{"start":{"line":7,"column":15},"end":{"line":7,"column":35}},"3":{"start":{"line":8,"column":15},"end":{"line":8,"column":35}},"4":{"start":{"line":10,"column":8},"end":{"line":12,"column":47}},"5":{"start":{"line":13,"column":12},"end":{"line":13,"column":58}},"6":{"start":{"line":14,"column":12},"end":{"line":14,"column":17}},"7":{"start":{"line":15,"column":4},"end":{"line":15,"column":13}},"8":{"start":{"line":18,"column":0},"end":{"line":18,"column":33}}},"fnMap":{"0":{"name":"deg2rad","decl":{"start":{"line":1,"column":9},"end":{"line":1,"column":16}},"loc":{"start":{"line":1,"column":22},"end":{"line":3,"column":1}},"line":1},"1":{"name":"getDistance","decl":{"start":{"line":5,"column":9},"end":{"line":5,"column":20}},"loc":{"start":{"line":5,"column":45},"end":{"line":16,"column":1}},"line":5}},"branchMap":{},"s":{"0":0,"1":0,"2":0,"3":0,"4":0,"5":0,"6":0,"7":0,"8":0},"f":{"0":0,"1":0},"b":{}}
}
